Release 14.7 - xst P.20131013 (lin64)
Copyright (c) 1995-2013 Xilinx, Inc.  All rights reserved.
--> 
Parameter TMPDIR set to xst/projnav.tmp


Total REAL time to Xst completion: 0.00 secs
Total CPU time to Xst completion: 0.09 secs
 
--> 
Parameter xsthdpdir set to xst


Total REAL time to Xst completion: 0.00 secs
Total CPU time to Xst completion: 0.09 secs
 
--> 
Reading design: UNI_Shift_Register_arch.prj

TABLE OF CONTENTS
  1) Synthesis Options Summary
  2) HDL Compilation
  3) Design Hierarchy Analysis
  4) HDL Analysis
  5) HDL Synthesis
     5.1) HDL Synthesis Report
  6) Advanced HDL Synthesis
     6.1) Advanced HDL Synthesis Report
  7) Low Level Synthesis
  8) Partition Report
  9) Final Report
	9.1) Device utilization summary
	9.2) Partition Resource Summary
	9.3) TIMING REPORT


=========================================================================
*                      Synthesis Options Summary                        *
=========================================================================
---- Source Parameters
Input File Name                    : "UNI_Shift_Register_arch.prj"
Input Format                       : mixed
Ignore Synthesis Constraint File   : NO

---- Target Parameters
Output File Name                   : "UNI_Shift_Register_arch"
Output Format                      : NGC
Target Device                      : xc3s250e-5-pq208

---- Source Options
Top Module Name                    : UNI_Shift_Register_arch
Automatic FSM Extraction           : YES
FSM Encoding Algorithm             : Auto
Safe Implementation                : No
FSM Style                          : LUT
RAM Extraction                     : Yes
RAM Style                          : Auto
ROM Extraction                     : Yes
Mux Style                          : Auto
Decoder Extraction                 : YES
Priority Encoder Extraction        : Yes
Shift Register Extraction          : YES
Logical Shifter Extraction         : YES
XOR Collapsing                     : YES
ROM Style                          : Auto
Mux Extraction                     : Yes
Resource Sharing                   : YES
Asynchronous To Synchronous        : NO
Multiplier Style                   : Auto
Automatic Register Balancing       : No

---- Target Options
Add IO Buffers                     : YES
Global Maximum Fanout              : 500
Add Generic Clock Buffer(BUFG)     : 24
Register Duplication               : YES
Slice Packing                      : YES
Optimize Instantiated Primitives   : NO
Use Clock Enable                   : Yes
Use Synchronous Set                : Yes
Use Synchronous Reset              : Yes
Pack IO Registers into IOBs        : Auto
Equivalent register Removal        : YES

---- General Options
Optimization Goal                  : Speed
Optimization Effort                : 1
Keep Hierarchy                     : No
Netlist Hierarchy                  : As_Optimized
RTL Output                         : Yes
Global Optimization                : AllClockNets
Read Cores                         : YES
Write Timing Constraints           : NO
Cross Clock Analysis               : NO
Hierarchy Separator                : /
Bus Delimiter                      : <>
Case Specifier                     : Maintain
Slice Utilization Ratio            : 100
BRAM Utilization Ratio             : 100
Verilog 2001                       : YES
Auto BRAM Packing                  : NO
Slice Utilization Ratio Delta      : 5

=========================================================================


=========================================================================
*                          HDL Compilation                              *
=========================================================================
Compiling vhdl file "/home/ise/VLSI_DESIGN/UNI_Shift_Register/UNI_Shift_Register_arch.vhd" in Library work.
Entity <uni_shift_register_arch> compiled.
Entity <UNI_Shift_Register_arch> (Architecture <Behavioral>) compiled.

=========================================================================
*                     Design Hierarchy Analysis                         *
=========================================================================
Analyzing hierarchy for entity <UNI_Shift_Register_arch> in library <work> (architecture <Behavioral>).


=========================================================================
*                            HDL Analysis                               *
=========================================================================
Analyzing Entity <UNI_Shift_Register_arch> in library <work> (Architecture <Behavioral>).
Entity <UNI_Shift_Register_arch> analyzed. Unit <UNI_Shift_Register_arch> generated.


=========================================================================
*                           HDL Synthesis                               *
=========================================================================

Performing bidirectional port resolution...

Synthesizing Unit <UNI_Shift_Register_arch>.
    Related source file is "/home/ise/VLSI_DESIGN/UNI_Shift_Register/UNI_Shift_Register_arch.vhd".
    Found 1-bit register for signal <Sout>.
    Found 4-bit register for signal <Pout>.
    Found 4-bit 4-to-1 multiplexer for signal <Pout$mux0001> created at line 54.
    Found 4-bit register for signal <temp>.
    Found 1-bit 4-to-1 multiplexer for signal <temp_0$mux0000> created at line 54.
    Found 1-bit 4-to-1 multiplexer for signal <temp_1$mux0000>.
    Found 1-bit 4-to-1 multiplexer for signal <temp_2$mux0000>.
    Found 1-bit 4-to-1 multiplexer for signal <temp_3$mux0000>.
    Summary:
	inferred   9 D-type flip-flop(s).
	inferred   8 Multiplexer(s).
Unit <UNI_Shift_Register_arch> synthesized.


=========================================================================
HDL Synthesis Report

Macro Statistics
# Registers                                            : 6
 1-bit register                                        : 5
 4-bit register                                        : 1
# Multiplexers                                         : 5
 1-bit 4-to-1 multiplexer                              : 4
 4-bit 4-to-1 multiplexer                              : 1

=========================================================================

=========================================================================
*                       Advanced HDL Synthesis                          *
=========================================================================


=========================================================================
Advanced HDL Synthesis Report

Macro Statistics
# Registers                                            : 9
 Flip-Flops                                            : 9
# Multiplexers                                         : 5
 1-bit 4-to-1 multiplexer                              : 4
 4-bit 4-to-1 multiplexer                              : 1

=========================================================================

=========================================================================
*                         Low Level Synthesis                           *
=========================================================================

Optimizing unit <UNI_Shift_Register_arch> ...

Mapping all equations...
Building and optimizing final netlist ...
Found area constraint ratio of 100 (+ 5) on block UNI_Shift_Register_arch, actual ratio is 0.

Final Macro Processing ...

=========================================================================
Final Register Report

Macro Statistics
# Registers                                            : 9
 Flip-Flops                                            : 9

=========================================================================

=========================================================================
*                           Partition Report                            *
=========================================================================

Partition Implementation Status
-------------------------------

  No Partitions were found in this design.

-------------------------------

=========================================================================
*                            Final Report                               *
=========================================================================
Final Results
RTL Top Level Output File Name     : UNI_Shift_Register_arch.ngr
Top Level Output File Name         : UNI_Shift_Register_arch
Output Format                      : NGC
Optimization Goal                  : Speed
Keep Hierarchy                     : No

Design Statistics
# IOs                              : 14

Cell Usage :
# BELS                             : 12
#      INV                         : 1
#      LUT2                        : 1
#      LUT3                        : 1
#      LUT4                        : 9
# FlipFlops/Latches                : 9
#      FDC_1                       : 5
#      FDE_1                       : 4
# Clock Buffers                    : 1
#      BUFGP                       : 1
# IO Buffers                       : 13
#      IBUF                        : 8
#      OBUF                        : 5
=========================================================================

Device utilization summary:
---------------------------

Selected Device : 3s250epq208-5 

 Number of Slices:                        6  out of   2448     0%  
 Number of Slice Flip Flops:              9  out of   4896     0%  
 Number of 4 input LUTs:                 12  out of   4896     0%  
 Number of IOs:                          14
 Number of bonded IOBs:                  14  out of    158     8%  
 Number of GCLKs:                         1  out of     24     4%  

---------------------------
Partition Resource Summary:
---------------------------

  No Partitions were found in this design.

---------------------------


=========================================================================
TIMING REPORT

NOTE: THESE TIMING NUMBERS ARE ONLY A SYNTHESIS ESTIMATE.
      FOR ACCURATE TIMING INFORMATION PLEASE REFER TO THE TRACE REPORT
      GENERATED AFTER PLACE-and-ROUTE.

Clock Information:
------------------
-----------------------------------+------------------------+-------+
Clock Signal                       | Clock buffer(FF name)  | Load  |
-----------------------------------+------------------------+-------+
clk                                | BUFGP                  | 9     |
-----------------------------------+------------------------+-------+

Asynchronous Control Signals Information:
----------------------------------------
-----------------------------------+------------------------+-------+
Control Signal                     | Buffer(FF name)        | Load  |
-----------------------------------+------------------------+-------+
rst                                | IBUF                   | 5     |
-----------------------------------+------------------------+-------+

Timing Summary:
---------------
Speed Grade: -5

   Minimum period: 1.914ns (Maximum Frequency: 522.371MHz)
   Minimum input arrival time before clock: 3.956ns
   Maximum output required time after clock: 4.040ns
   Maximum combinational path delay: No path found

Timing Detail:
--------------
All values displayed in nanoseconds (ns)

=========================================================================
Timing constraint: Default period analysis for Clock 'clk'
  Clock period: 1.914ns (frequency: 522.370MHz)
  Total number of paths / destination ports: 12 / 9
-------------------------------------------------------------------------
Delay:               1.914ns (Levels of Logic = 1)
  Source:            temp_3 (FF)
  Destination:       Sout (FF)
  Source Clock:      clk falling
  Destination Clock: clk falling

  Data Path: temp_3 to Sout
                                Gate     Net
    Cell:in->out      fanout   Delay   Delay  Logical Name (Net Name)
    ----------------------------------------  ------------
     FDE_1:C->Q            3   0.514   0.520  temp_3 (temp_3)
     LUT2:I1->O            1   0.612   0.000  Sout_mux00011 (Sout_mux0001)
     FDC_1:D                   0.268          Sout
    ----------------------------------------
    Total                      1.914ns (1.394ns logic, 0.520ns route)
                                       (72.8% logic, 27.2% route)

=========================================================================
Timing constraint: Default OFFSET IN BEFORE for Clock 'clk'
  Total number of paths / destination ports: 31 / 13
-------------------------------------------------------------------------
Offset:              3.956ns (Levels of Logic = 3)
  Source:            mode<1> (PAD)
  Destination:       temp_0 (FF)
  Destination Clock: clk falling

  Data Path: mode<1> to temp_0
                                Gate     Net
    Cell:in->out      fanout   Delay   Delay  Logical Name (Net Name)
    ----------------------------------------  ------------
     IBUF:I->O             9   1.106   0.849  mode_1_IBUF (mode_1_IBUF)
     LUT4:I0->O            1   0.612   0.509  Mmux_temp_0_mux00002_SW1 (N3)
     LUT3:I0->O            1   0.612   0.000  Mmux_temp_0_mux00002 (temp_0_mux0000)
     FDE_1:D                   0.268          temp_0
    ----------------------------------------
    Total                      3.956ns (2.598ns logic, 1.358ns route)
                                       (65.7% logic, 34.3% route)

=========================================================================
Timing constraint: Default OFFSET OUT AFTER for Clock 'clk'
  Total number of paths / destination ports: 5 / 5
-------------------------------------------------------------------------
Offset:              4.040ns (Levels of Logic = 1)
  Source:            Sout (FF)
  Destination:       Sout (PAD)
  Source Clock:      clk falling

  Data Path: Sout to Sout
                                Gate     Net
    Cell:in->out      fanout   Delay   Delay  Logical Name (Net Name)
    ----------------------------------------  ------------
     FDC_1:C->Q            1   0.514   0.357  Sout (Sout_OBUF)
     OBUF:I->O                 3.169          Sout_OBUF (Sout)
    ----------------------------------------
    Total                      4.040ns (3.683ns logic, 0.357ns route)
                                       (91.2% logic, 8.8% route)

=========================================================================


Total REAL time to Xst completion: 14.00 secs
Total CPU time to Xst completion: 11.20 secs
 
--> 


Total memory usage is 608004 kilobytes

Number of errors   :    0 (   0 filtered)
Number of warnings :    0 (   0 filtered)
Number of infos    :    0 (   0 filtered)

