Running: /opt/Xilinx/14.7/ISE_DS/ISE/bin/lin64/unwrapped/fuse -intstyle ise -incremental -o /home/ise/VLSI_DESIGN/mod25/mod25_tb_isim_beh.exe -prj /home/ise/VLSI_DESIGN/mod25/mod25_tb_beh.prj work.mod25_tb 
ISim P.20131013 (signature 0xfbc00daa)
Number of CPUs detected in this system: 1
Turning on mult-threading, number of parallel sub-compilation jobs: 0 
Determining compilation order of HDL files
Parsing VHDL file "/home/ise/VLSI_DESIGN/mod25/mod25_arch.vhd" into library work
Parsing VHDL file "/home/ise/VLSI_DESIGN/mod25/mod25_tb.vhd" into library work
Starting static elaboration
Completed static elaboration
Fuse Memory Usage: 96648 KB
Fuse CPU Usage: 990 ms
Compiling package standard
Compiling package std_logic_1164
Compiling package std_logic_arith
Compiling package std_logic_unsigned
Compiling architecture behavioral of entity mod25_arch [mod25_arch_default]
Compiling architecture behavior of entity mod25_tb
Time Resolution for simulation is 1ps.
Compiled 7 VHDL Units
Built simulation executable /home/ise/VLSI_DESIGN/mod25/mod25_tb_isim_beh.exe
Fuse Memory Usage: 111876 KB
Fuse CPU Usage: 1200 ms
GCC CPU Usage: 2650 ms
